<?xml version="1.0" encoding="UTF-8"?>
<!-- Generated by org.testng.reporters.JUnitXMLReporter -->
<testsuite ignored="0" hostname="Rupali" failures="0" tests="5" name="Default test" time="79.933" errors="0" timestamp="2022-08-08T12:03:53 IST">
  <testcase classname="travelinsutestcase.travelinsurancetestcase" name="@BeforeMethod clickontravellinsurance" time="1.16">
    <failure type="org.openqa.selenium.NoSuchElementException" message="no such element: Unable to locate element: {&amp;quot;method&amp;quot;:&amp;quot;xpath&amp;quot;,&amp;quot;selector&amp;quot;:&amp;quot;(//i[contains(@class,&amp;apos;icon-bg homeIconsBg&amp;apos;)])[29]&amp;quot;}
  (Session info: chrome=104.0.5112.81)
For documentation on this error, please visit: https://selenium.dev/exceptions/#no_such_element
Build info: version: &amp;apos;4.2.2&amp;apos;, revision: &amp;apos;683ccb65d6&amp;apos;
System info: host: &amp;apos;RUPALI&amp;apos;, ip: &amp;apos;192.168.0.101&amp;apos;, os.name: &amp;apos;Windows 8.1&amp;apos;, os.arch: &amp;apos;amd64&amp;apos;, os.version: &amp;apos;6.3&amp;apos;, java.version: &amp;apos;11.0.12&amp;apos;
Driver info: org.openqa.selenium.chrome.ChromeDriver
Command: [405ddda38398b55227b44f7ea91a3861, findElement {using=xpath, value=(//i[contains(@class,&amp;apos;icon-bg homeIconsBg&amp;apos;)])[29]}]
Capabilities {acceptInsecureCerts: false, browserName: chrome, browserVersion: 104.0.5112.81, chrome: {chromedriverVersion: 104.0.5112.79 (3cf3e8c8a07d..., userDataDir: C:\Users\RUPALI~1\AppData\L...}, goog:chromeOptions: {debuggerAddress: localhost:45184}, networkConnectionEnabled: false, pageLoadStrategy: normal, platformName: WINDOWS, proxy: Proxy(), se:cdp: ws://localhost:45184/devtoo..., se:cdpVersion: 104.0.5112.81, setWindowRect: true, strictFileInteractability: false, timeouts: {implicit: 0, pageLoad: 300000, script: 30000}, unhandledPromptBehavior: dismiss and notify, webauthn:extension:credBlob: true, webauthn:extension:largeBlob: true, webauthn:virtualAuthenticators: true}
Session ID: 405ddda38398b55227b44f7ea91a3861">
      <![CDATA[org.openqa.selenium.NoSuchElementException: no such element: Unable to locate element: {"method":"xpath","selector":"(//i[contains(@class,'icon-bg homeIconsBg')])[29]"}
  (Session info: chrome=104.0.5112.81)
For documentation on this error, please visit: https://selenium.dev/exceptions/#no_such_element
Build info: version: '4.2.2', revision: '683ccb65d6'
System info: host: 'RUPALI', ip: '192.168.0.101', os.name: 'Windows 8.1', os.arch: 'amd64', os.version: '6.3', java.version: '11.0.12'
Driver info: org.openqa.selenium.chrome.ChromeDriver
Command: [405ddda38398b55227b44f7ea91a3861, findElement {using=xpath, value=(//i[contains(@class,'icon-bg homeIconsBg')])[29]}]
Capabilities {acceptInsecureCerts: false, browserName: chrome, browserVersion: 104.0.5112.81, chrome: {chromedriverVersion: 104.0.5112.79 (3cf3e8c8a07d..., userDataDir: C:\Users\RUPALI~1\AppData\L...}, goog:chromeOptions: {debuggerAddress: localhost:45184}, networkConnectionEnabled: false, pageLoadStrategy: normal, platformName: WINDOWS, proxy: Proxy(), se:cdp: ws://localhost:45184/devtoo..., se:cdpVersion: 104.0.5112.81, setWindowRect: true, strictFileInteractability: false, timeouts: {implicit: 0, pageLoad: 300000, script: 30000}, unhandledPromptBehavior: dismiss and notify, webauthn:extension:credBlob: true, webauthn:extension:largeBlob: true, webauthn:virtualAuthenticators: true}
Session ID: 405ddda38398b55227b44f7ea91a3861
at java.base/jdk.internal.reflect.NativeConstructorAccessorImpl.newInstance0(Native Method)
at java.base/jdk.internal.reflect.NativeConstructorAccessorImpl.newInstance(NativeConstructorAccessorImpl.java:62)
at java.base/jdk.internal.reflect.DelegatingConstructorAccessorImpl.newInstance(DelegatingConstructorAccessorImpl.java:45)
at java.base/java.lang.reflect.Constructor.newInstance(Constructor.java:490)
at org.openqa.selenium.remote.codec.w3c.W3CHttpResponseCodec.createException(W3CHttpResponseCodec.java:200)
at org.openqa.selenium.remote.codec.w3c.W3CHttpResponseCodec.decode(W3CHttpResponseCodec.java:133)
at org.openqa.selenium.remote.codec.w3c.W3CHttpResponseCodec.decode(W3CHttpResponseCodec.java:53)
at org.openqa.selenium.remote.HttpCommandExecutor.execute(HttpCommandExecutor.java:184)
at org.openqa.selenium.remote.service.DriverCommandExecutor.invokeExecute(DriverCommandExecutor.java:167)
at org.openqa.selenium.remote.service.DriverCommandExecutor.execute(DriverCommandExecutor.java:142)
at org.openqa.selenium.remote.RemoteWebDriver.execute(RemoteWebDriver.java:588)
at org.openqa.selenium.remote.ElementLocation$ElementFinder$2.findElement(ElementLocation.java:162)
at org.openqa.selenium.remote.ElementLocation.findElement(ElementLocation.java:60)
at org.openqa.selenium.remote.RemoteWebDriver.findElement(RemoteWebDriver.java:406)
at org.openqa.selenium.remote.RemoteWebDriver.findElement(RemoteWebDriver.java:398)
at org.openqa.selenium.support.pagefactory.DefaultElementLocator.findElement(DefaultElementLocator.java:70)
at org.openqa.selenium.support.pagefactory.internal.LocatingElementHandler.invoke(LocatingElementHandler.java:39)
at com.sun.proxy.$Proxy18.click(Unknown Source)
at travelInsuPOM.firstpage.clickontravelinsurance(firstpage.java:19)
at travelinsutestcase.travelinsurancetestcase.clickontravellinsurance(travelinsurancetestcase.java:48)
at java.base/jdk.internal.reflect.NativeMethodAccessorImpl.invoke0(Native Method)
at java.base/jdk.internal.reflect.NativeMethodAccessorImpl.invoke(NativeMethodAccessorImpl.java:62)
at java.base/jdk.internal.reflect.DelegatingMethodAccessorImpl.invoke(DelegatingMethodAccessorImpl.java:43)
at java.base/java.lang.reflect.Method.invoke(Method.java:566)
at org.testng.internal.MethodInvocationHelper.invokeMethod(MethodInvocationHelper.java:133)
at org.testng.internal.MethodInvocationHelper.invokeMethodConsideringTimeout(MethodInvocationHelper.java:62)
at org.testng.internal.ConfigInvoker.invokeConfigurationMethod(ConfigInvoker.java:385)
at org.testng.internal.ConfigInvoker.invokeConfigurations(ConfigInvoker.java:321)
at org.testng.internal.TestInvoker.runConfigMethods(TestInvoker.java:700)
at org.testng.internal.TestInvoker.invokeMethod(TestInvoker.java:527)
at org.testng.internal.TestInvoker.invokeTestMethod(TestInvoker.java:173)
at org.testng.internal.MethodRunner.runInSequence(MethodRunner.java:46)
at org.testng.internal.TestInvoker$MethodInvocationAgent.invoke(TestInvoker.java:824)
at org.testng.internal.TestInvoker.invokeTestMethods(TestInvoker.java:146)
at org.testng.internal.TestMethodWorker.invokeTestMethods(TestMethodWorker.java:146)
at org.testng.internal.TestMethodWorker.run(TestMethodWorker.java:128)
at java.base/java.util.ArrayList.forEach(ArrayList.java:1541)
at org.testng.TestRunner.privateRun(TestRunner.java:794)
at org.testng.TestRunner.run(TestRunner.java:596)
at org.testng.SuiteRunner.runTest(SuiteRunner.java:377)
at org.testng.SuiteRunner.runSequentially(SuiteRunner.java:371)
at org.testng.SuiteRunner.privateRun(SuiteRunner.java:332)
at org.testng.SuiteRunner.run(SuiteRunner.java:276)
at org.testng.SuiteRunnerWorker.runSuite(SuiteRunnerWorker.java:53)
at org.testng.SuiteRunnerWorker.run(SuiteRunnerWorker.java:96)
at org.testng.TestNG.runSuitesSequentially(TestNG.java:1212)
at org.testng.TestNG.runSuitesLocally(TestNG.java:1134)
at org.testng.TestNG.runSuites(TestNG.java:1063)
at org.testng.TestNG.run(TestNG.java:1031)
at org.testng.remote.AbstractRemoteTestNG.run(AbstractRemoteTestNG.java:115)
at org.testng.remote.RemoteTestNG.initAndRun(RemoteTestNG.java:251)
at org.testng.remote.RemoteTestNG.main(RemoteTestNG.java:77)
]]>
    </failure>
  </testcase> <!-- @BeforeMethod clickontravellinsurance -->
  <testcase classname="travelinsutestcase.travelinsurancetestcase" name="@AfterMethod visitedonmainpage" time="-1.659940433181E9">
    <skipped/>
  </testcase> <!-- @AfterMethod visitedonmainpage -->
  <testcase classname="travelinsutestcase.travelinsurancetestcase" name="@BeforeMethod clickontravellinsurance" time="-1.659940433194E9">
    <skipped/>
  </testcase> <!-- @BeforeMethod clickontravellinsurance -->
  <testcase classname="travelinsutestcase.travelinsurancetestcase" name="@AfterMethod visitedonmainpage" time="-1.659940433244E9">
    <skipped/>
  </testcase> <!-- @AfterMethod visitedonmainpage -->
  <testcase classname="travelinsutestcase.travelinsurancetestcase" name="@BeforeMethod clickontravellinsurance" time="-1.65994043325E9">
    <skipped/>
  </testcase> <!-- @BeforeMethod clickontravellinsurance -->
  <testcase classname="travelinsutestcase.travelinsurancetestcase" name="@AfterMethod visitedonmainpage" time="-1.659940433271E9">
    <skipped/>
  </testcase> <!-- @AfterMethod visitedonmainpage -->
  <testcase classname="travelinsutestcase.travelinsurancetestcase" name="@BeforeMethod clickontravellinsurance" time="-1.65994043328E9">
    <skipped/>
  </testcase> <!-- @BeforeMethod clickontravellinsurance -->
  <testcase classname="travelinsutestcase.travelinsurancetestcase" name="@AfterMethod visitedonmainpage" time="-1.659940433309E9">
    <skipped/>
  </testcase> <!-- @AfterMethod visitedonmainpage -->
  <testcase classname="travelinsutestcase.travelinsurancetestcase" name="@AfterClass closebrowser" time="-1.659940433322E9">
    <skipped/>
  </testcase> <!-- @AfterClass closebrowser -->
  <testcase classname="travelinsutestcase.travelinsurancetestcase" name="EnteryourDestination" time="4.111"/>
  <testcase classname="travelinsutestcase.travelinsurancetestcase" name="Selectdateoftravell" time="0.0">
    <skipped/>
  </testcase> <!-- Selectdateoftravell -->
  <testcase classname="travelinsutestcase.travelinsurancetestcase" name="Selectnoofpeopletravelling" time="0.0">
    <skipped/>
  </testcase> <!-- Selectnoofpeopletravelling -->
  <testcase classname="travelinsutestcase.travelinsurancetestcase" name="selectpreexistingmedicalcondition" time="0.0">
    <skipped/>
  </testcase> <!-- selectpreexistingmedicalcondition -->
  <testcase classname="travelinsutestcase.travelinsurancetestcase" name="EnterMobnoToproceed" time="0.0">
    <skipped/>
  </testcase> <!-- EnterMobnoToproceed -->
</testsuite> <!-- Default test -->
