<?xml version="1.0" encoding="UTF-8"?>
<!-- Generated by org.testng.reporters.JUnitReportReporter -->
<testsuite hostname="Rupali" failures="0" tests="7" name="KeywordsTestNG.Dependsonmethod" time="0.228" errors="1" timestamp="2022-07-25T11:47:31 IST" skipped="0">
  <testcase classname="KeywordsTestNG.Dependsonmethod" name="B" time="0.014"/>
  <system-out>
    <![CDATA[B is running]]>
  </system-out>
  <testcase classname="KeywordsTestNG.Dependsonmethod" name="B" time="0.005"/>
  <system-out>
    <![CDATA[B is running]]>
  </system-out>
  <testcase classname="KeywordsTestNG.Dependsonmethod" name="B" time="0.017"/>
  <system-out>
    <![CDATA[B is running]]>
  </system-out>
  <testcase classname="KeywordsTestNG.Dependsonmethod" name="A" time="0.044"/>
  <system-out>
    <![CDATA[A is running]]>
  </system-out>
  <testcase classname="KeywordsTestNG.Dependsonmethod" name="E" time="0.012"/>
  <system-out>
    <![CDATA[E is running]]>
  </system-out>
  <testcase classname="KeywordsTestNG.Dependsonmethod" name="D" time="0.003"/>
  <system-out>
    <![CDATA[D is running]]>
  </system-out>
  <testcase classname="KeywordsTestNG.Dependsonmethod" name="C" time="0.133">
    <error message="Method KeywordsTestNG.Dependsonmethod.C() didn&#039;t finish within the time-out 100" type="org.testng.internal.thread.ThreadTimeoutException">
      <![CDATA[org.testng.internal.thread.ThreadTimeoutException: Method KeywordsTestNG.Dependsonmethod.C() didn't finish within the time-out 100
at org.testng.internal.MethodInvocationHelper.invokeWithTimeoutWithNewExecutor(MethodInvocationHelper.java:384)
at org.testng.internal.MethodInvocationHelper.invokeWithTimeout(MethodInvocationHelper.java:283)
at org.testng.internal.TestInvoker.invokeMethod(TestInvoker.java:604)
at org.testng.internal.TestInvoker.invokeTestMethod(TestInvoker.java:173)
at org.testng.internal.MethodRunner.runInSequence(MethodRunner.java:46)
at org.testng.internal.TestInvoker$MethodInvocationAgent.invoke(TestInvoker.java:824)
at org.testng.internal.TestInvoker.invokeTestMethods(TestInvoker.java:146)
at org.testng.internal.TestMethodWorker.invokeTestMethods(TestMethodWorker.java:146)
at org.testng.internal.TestMethodWorker.run(TestMethodWorker.java:128)
at java.base/java.util.ArrayList.forEach(ArrayList.java:1541)
at org.testng.TestRunner.privateRun(TestRunner.java:794)
at org.testng.TestRunner.run(TestRunner.java:596)
at org.testng.SuiteRunner.runTest(SuiteRunner.java:377)
at org.testng.SuiteRunner.runSequentially(SuiteRunner.java:371)
at org.testng.SuiteRunner.privateRun(SuiteRunner.java:332)
at org.testng.SuiteRunner.run(SuiteRunner.java:276)
at org.testng.SuiteRunnerWorker.runSuite(SuiteRunnerWorker.java:53)
at org.testng.SuiteRunnerWorker.run(SuiteRunnerWorker.java:96)
at org.testng.TestNG.runSuitesSequentially(TestNG.java:1212)
at org.testng.TestNG.runSuitesLocally(TestNG.java:1134)
at org.testng.TestNG.runSuites(TestNG.java:1063)
at org.testng.TestNG.run(TestNG.java:1031)
at org.testng.remote.AbstractRemoteTestNG.run(AbstractRemoteTestNG.java:115)
at org.testng.remote.RemoteTestNG.initAndRun(RemoteTestNG.java:251)
at org.testng.remote.RemoteTestNG.main(RemoteTestNG.java:77)
]]>
    </error>
  </testcase> <!-- C -->
  <system-out/>
</testsuite> <!-- KeywordsTestNG.Dependsonmethod -->
